C:\USERS\JOSH\DESKTOP\ELIASJOSH_OPENGL\ELIASJOSH_OPENGL\DEBUG\GAMEENGINE.OBJ
C:\USERS\JOSH\DESKTOP\ELIASJOSH_OPENGL\ELIASJOSH_OPENGL\DEBUG\GLWINDOW.OBJ
C:\USERS\JOSH\DESKTOP\ELIASJOSH_OPENGL\ELIASJOSH_OPENGL\DEBUG\INPUTMANAGER.OBJ
C:\USERS\JOSH\DESKTOP\ELIASJOSH_OPENGL\ELIASJOSH_OPENGL\DEBUG\MAIN.OBJ
C:\USERS\JOSH\DESKTOP\ELIASJOSH_OPENGL\ELIASJOSH_OPENGL\DEBUG\SHADER.OBJ
C:\USERS\JOSH\DESKTOP\ELIASJOSH_OPENGL\ELIASJOSH_OPENGL\DEBUG\SHADERMANAGER.OBJ
C:\USERS\JOSH\DESKTOP\ELIASJOSH_OPENGL\ELIASJOSH_OPENGL\DEBUG\SHADERPROGRAM.OBJ
C:\USERS\JOSH\DESKTOP\ELIASJOSH_OPENGL\ELIASJOSH_OPENGL\DEBUG\TEXTUREMANAGER.OBJ
C:\USERS\JOSH\DESKTOP\ELIASJOSH_OPENGL\ELIASJOSH_OPENGL\DEBUG\THREADMANAGER.OBJ
C:\USERS\JOSH\DESKTOP\ELIASJOSH_OPENGL\ELIASJOSH_OPENGL\DEBUG\VC110.PDB
C:\USERS\JOSH\DESKTOP\ELIASJOSH_OPENGL\DEBUG\ELIASJOSH_OPENGL.ILK
C:\USERS\JOSH\DESKTOP\ELIASJOSH_OPENGL\DEBUG\ELIASJOSH_OPENGL.EXE
C:\USERS\JOSH\DESKTOP\ELIASJOSH_OPENGL\DEBUG\ELIASJOSH_OPENGL.PDB
C:\Users\Josh\Desktop\EliasJosh_OpenGL\EliasJosh_OpenGL\Debug\GameEngine.obj
C:\Users\Josh\Desktop\EliasJosh_OpenGL\EliasJosh_OpenGL\Debug\GLWindow.obj
C:\Users\Josh\Desktop\EliasJosh_OpenGL\EliasJosh_OpenGL\Debug\InputManager.obj
C:\Users\Josh\Desktop\EliasJosh_OpenGL\EliasJosh_OpenGL\Debug\main.obj
C:\Users\Josh\Desktop\EliasJosh_OpenGL\EliasJosh_OpenGL\Debug\Shader.obj
C:\Users\Josh\Desktop\EliasJosh_OpenGL\EliasJosh_OpenGL\Debug\ShaderManager.obj
C:\Users\Josh\Desktop\EliasJosh_OpenGL\EliasJosh_OpenGL\Debug\ShaderProgram.obj
C:\Users\Josh\Desktop\EliasJosh_OpenGL\EliasJosh_OpenGL\Debug\TextureManager.obj
C:\Users\Josh\Desktop\EliasJosh_OpenGL\EliasJosh_OpenGL\Debug\ThreadManager.obj
C:\Users\Josh\Desktop\EliasJosh_OpenGL\EliasJosh_OpenGL\Debug\cl.command.1.tlog
C:\Users\Josh\Desktop\EliasJosh_OpenGL\EliasJosh_OpenGL\Debug\CL.read.1.tlog
C:\Users\Josh\Desktop\EliasJosh_OpenGL\EliasJosh_OpenGL\Debug\CL.write.1.tlog
C:\Users\Josh\Desktop\EliasJosh_OpenGL\EliasJosh_OpenGL\Debug\link-cvtres.read.1.tlog
C:\Users\Josh\Desktop\EliasJosh_OpenGL\EliasJosh_OpenGL\Debug\link-cvtres.write.1.tlog
C:\Users\Josh\Desktop\EliasJosh_OpenGL\EliasJosh_OpenGL\Debug\link-rc.read.1.tlog
C:\Users\Josh\Desktop\EliasJosh_OpenGL\EliasJosh_OpenGL\Debug\link-rc.write.1.tlog
C:\Users\Josh\Desktop\EliasJosh_OpenGL\EliasJosh_OpenGL\Debug\link.command.1.tlog
C:\Users\Josh\Desktop\EliasJosh_OpenGL\EliasJosh_OpenGL\Debug\link.read.1.tlog
C:\Users\Josh\Desktop\EliasJosh_OpenGL\EliasJosh_OpenGL\Debug\link.write.1.tlog
C:\Users\Josh\Desktop\EliasJosh_OpenGL\EliasJosh_OpenGL\Debug\vc110.idb
C:\Users\Josh\Desktop\EliasJosh_OpenGL\EliasJosh_OpenGL\Debug\vc110.pdb
C:\Users\Josh\Desktop\EliasJosh_OpenGL\Debug\EliasJosh_OpenGL.pdb
C:\Users\Josh\Desktop\EliasJosh_OpenGL\Debug\EliasJosh_OpenGL.exe
C:\Users\Josh\Desktop\EliasJosh_OpenGL\Debug\EliasJosh_OpenGL.ilk
